\BOOKMARK [1][-]{section.1}{Aim of the Lab}{}% 1
\BOOKMARK [1][-]{section.2}{Approach}{}% 2
\BOOKMARK [1][-]{section.3}{Results and Discussion}{}% 3
\BOOKMARK [2][-]{subsection.3.1}{Exercise 1}{section.3}% 4
\BOOKMARK [2][-]{subsection.3.2}{Exercise 2}{section.3}% 5
\BOOKMARK [2][-]{subsection.3.3}{Exercise 3}{section.3}% 6
\BOOKMARK [2][-]{subsection.3.4}{Exercise 4a}{section.3}% 7
\BOOKMARK [2][-]{subsection.3.5}{Exercise 4b}{section.3}% 8
\BOOKMARK [2][-]{subsection.3.6}{Exercise 5}{section.3}% 9
\BOOKMARK [1][-]{section.4}{Design Questions and Solutions}{}% 10
\BOOKMARK [2][-]{subsection.4.1}{1}{section.4}% 11
\BOOKMARK [2][-]{subsection.4.2}{2}{section.4}% 12
\BOOKMARK [1][-]{section.5}{Summary and Conclusions}{}% 13
\BOOKMARK [1][-]{section*.2}{Appendices}{}% 14
\BOOKMARK [2][-]{subsection.Alph0.1}{Matlab Code}{section*.2}% 15
\BOOKMARK [3][-]{subsubsection.Alph0.1.1}{Ex1: \(3.1\)}{subsection.Alph0.1}% 16
\BOOKMARK [3][-]{subsubsection.Alph0.1.2}{Ex2: \(3.2\)}{subsection.Alph0.1}% 17
\BOOKMARK [3][-]{subsubsection.Alph0.1.3}{Ex3: \(3.3\)}{subsection.Alph0.1}% 18
\BOOKMARK [3][-]{subsubsection.Alph0.1.4}{Ex4a: \(3.4\)}{subsection.Alph0.1}% 19
\BOOKMARK [3][-]{subsubsection.Alph0.1.5}{Ex4b: \(3.5\)}{subsection.Alph0.1}% 20
\BOOKMARK [3][-]{subsubsection.Alph0.1.6}{Ex5: \(3.6\)}{subsection.Alph0.1}% 21
\BOOKMARK [3][-]{subsubsection.Alph0.1.7}{Q4.1: \(4.1\)}{subsection.Alph0.1}% 22
\BOOKMARK [3][-]{subsubsection.Alph0.1.8}{Q4.2: \(4.2\)}{subsection.Alph0.1}% 23
